<?xml version="1.0" encoding="UTF-8"?>
<!-- Generated by org.testng.reporters.JUnitReportReporter -->
<testsuite skipped="0" hostname="Portal-PC" name="Tests.TravelCustomerTest" tests="2" failures="0" timestamp="2019-12-13T09:51:58 CET" time="78.069" errors="0">
  <testcase name="loginTest" time="18.700" classname="Tests.TravelCustomerTest"/>
  <testcase name="extras" time="59.369" classname="Tests.TravelCustomerTest"/>
</testsuite> <!-- Tests.TravelCustomerTest -->
