<?xml version="1.0" encoding="UTF-8"?>
<!-- Generated by org.testng.reporters.JUnitReportReporter -->
<testsuite skipped="0" hostname="Portal-PC" name="Tests.TravelsCarsExtrasTest" tests="2" failures="0" timestamp="2019-12-13T09:41:43 CET" time="34.590" errors="0">
  <testcase name="loginTest" time="12.090" classname="Tests.TravelsCarsExtrasTest"/>
  <testcase name="extras" time="22.500" classname="Tests.TravelsCarsExtrasTest"/>
</testsuite> <!-- Tests.TravelsCarsExtrasTest -->
