<?xml version="1.0" encoding="UTF-8"?>
<!-- Generated by org.testng.reporters.JUnitReportReporter -->
<testsuite skipped="0" hostname="Portal-PC" name="Tests.JvestiLeskovacTest" tests="2" failures="0" timestamp="2019-12-02T13:02:21 CET" time="30.024" errors="0">
  <testcase name="isleskovac" time="17.988" classname="Tests.JvestiLeskovacTest"/>
  <testcase name="isprokuplje" time="12.036" classname="Tests.JvestiLeskovacTest"/>
</testsuite> <!-- Tests.JvestiLeskovacTest -->
