<?xml version="1.0" encoding="UTF-8"?>
<!-- Generated by org.testng.reporters.JUnitReportReporter -->
<testsuite skipped="0" hostname="Portal-PC" name="Tests.LoginTest" tests="1" failures="0" timestamp="2019-12-13T09:31:10 CET" time="12.479" errors="0">
  <testcase name="loginTest" time="12.479" classname="Tests.LoginTest"/>
</testsuite> <!-- Tests.LoginTest -->
