<?xml version="1.0" encoding="UTF-8"?>
<!-- Generated by org.testng.reporters.JUnitReportReporter -->
<testsuite skipped="0" hostname="Portal-PC" name="testovi.Domaci22_11" tests="1" failures="0" timestamp="2019-11-23T18:34:51 CET" time="16.408" errors="0">
  <testcase name="verifyHomePageTitle" time="16.408" classname="testovi.Domaci22_11"/>
</testsuite> <!-- testovi.Domaci22_11 -->
