<?xml version="1.0" encoding="UTF-8"?>
<!-- Generated by org.testng.reporters.JUnitReportReporter -->
<testsuite skipped="0" hostname="Portal-PC" name="Tests.TravelsMenuTest" tests="8" failures="0" timestamp="2019-12-13T09:49:07 CET" time="73.891" errors="0">
  <testcase name="loginTest" time="12.274" classname="Tests.TravelsMenuTest"/>
  <testcase name="clickUpdates" time="8.373" classname="Tests.TravelsMenuTest"/>
  <testcase name="clickCars" time="12.434" classname="Tests.TravelsMenuTest"/>
  <testcase name="clickBooking" time="7.099" classname="Tests.TravelsMenuTest"/>
  <testcase name="clickCupons" time="8.502" classname="Tests.TravelsMenuTest"/>
  <testcase name="clickModules" time="7.905" classname="Tests.TravelsMenuTest"/>
  <testcase name="clickNewsletter" time="7.906" classname="Tests.TravelsMenuTest"/>
  <testcase name="clickTours" time="9.398" classname="Tests.TravelsMenuTest"/>
</testsuite> <!-- Tests.TravelsMenuTest -->
